<?xml version="1.0" encoding="UTF-8"?>
<!-- Generated by org.testng.reporters.JUnitReportReporter -->
<testsuite name="com.citqa.Tests.FirstTest" tests="1" time="0.002" ignored="0" failures="0" timestamp="09 Mar 2018 10:14:27 GMT" skipped="0" hostname="Vaidheeswaran" errors="0">
  <testcase name="TestMethod1" time="0.002" classname="com.citqa.Tests.FirstTest"/>
</testsuite> <!-- com.citqa.Tests.FirstTest -->
