<?xml version="1.0" encoding="UTF-8"?>
<!-- Generated by org.testng.reporters.JUnitReportReporter -->
<testsuite name="com.citqa.Tests.FirstTest" tests="1" time="0.006" ignored="0" failures="0" timestamp="13 Mar 2018 07:48:20 GMT" skipped="0" hostname="Vaidheeswaran" errors="0">
  <testcase name="TestMethod1" time="0.006" classname="com.citqa.Tests.FirstTest"/>
</testsuite> <!-- com.citqa.Tests.FirstTest -->
